<?xml version="1.0" encoding="UTF-8"?>
<robot generator="Robot 3.2.2 (Python 3.9.0 on darwin)" generated="20201206 23:43:42.658" rpa="false">
<suite id="s1" name="Login" source="/Users/gurdipsinghvirdi/Documents/robot/testCases/login.robot">
<test id="s1-t1" name="LoginTest">
<kw name="Open Browser" library="Selenium2Library">
<doc>Opens a new browser instance to the optional ``url``.</doc>
<arguments>
<arg>${url}</arg>
<arg>${browser}</arg>
</arguments>
<msg timestamp="20201206 23:43:42.783" level="INFO">Opening browser 'chrome' to base url 'http://automationpractice.com/index.php'.</msg>
<status status="PASS" starttime="20201206 23:43:42.783" endtime="20201206 23:43:50.706"></status>
</kw>
<kw name="Maximize Browser Window" library="Selenium2Library">
<doc>Maximizes current browser window.</doc>
<status status="PASS" starttime="20201206 23:43:50.707" endtime="20201206 23:43:50.881"></status>
</kw>
<kw name="login">
<kw name="Click Link" library="Selenium2Library">
<doc>Clicks a link identified by ``locator``.</doc>
<arguments>
<arg>xpath://a[@class='login']</arg>
</arguments>
<msg timestamp="20201206 23:43:50.882" level="INFO">Clicking link 'xpath://a[@class='login']'.</msg>
<status status="PASS" starttime="20201206 23:43:50.882" endtime="20201206 23:43:52.779"></status>
</kw>
<kw name="Input Text" library="Selenium2Library">
<doc>Types the given ``text`` into the text field identified by ``locator``.</doc>
<arguments>
<arg>id:email</arg>
<arg>${username}</arg>
</arguments>
<msg timestamp="20201206 23:43:52.780" level="INFO">Typing text 'tester123@test.com' into text field 'id:email'.</msg>
<status status="PASS" starttime="20201206 23:43:52.780" endtime="20201206 23:43:52.944"></status>
</kw>
<kw name="Input Text" library="Selenium2Library">
<doc>Types the given ``text`` into the text field identified by ``locator``.</doc>
<arguments>
<arg>id:passwd</arg>
<arg>${password}</arg>
</arguments>
<msg timestamp="20201206 23:43:52.944" level="INFO">Typing text 'test123' into text field 'id:passwd'.</msg>
<status status="PASS" starttime="20201206 23:43:52.944" endtime="20201206 23:43:53.020"></status>
</kw>
<kw name="Click Element" library="Selenium2Library">
<doc>Click the element identified by ``locator``.</doc>
<arguments>
<arg>id:SubmitLogin</arg>
</arguments>
<msg timestamp="20201206 23:43:53.021" level="INFO">Clicking element 'id:SubmitLogin'.</msg>
<status status="PASS" starttime="20201206 23:43:53.020" endtime="20201206 23:43:54.702"></status>
</kw>
<status status="PASS" starttime="20201206 23:43:50.882" endtime="20201206 23:43:54.702"></status>
</kw>
<kw name="Click Element" library="Selenium2Library">
<doc>Click the element identified by ``locator``.</doc>
<arguments>
<arg>xpath://a[@class='logout']</arg>
</arguments>
<msg timestamp="20201206 23:43:54.702" level="INFO">Clicking element 'xpath://a[@class='logout']'.</msg>
<status status="PASS" starttime="20201206 23:43:54.702" endtime="20201206 23:43:59.539"></status>
</kw>
<kw name="Close Browser" library="Selenium2Library">
<doc>Closes the current browser.</doc>
<status status="PASS" starttime="20201206 23:43:59.539" endtime="20201206 23:43:59.627"></status>
</kw>
<status status="PASS" starttime="20201206 23:43:42.783" endtime="20201206 23:43:59.627" critical="yes"></status>
</test>
<status status="PASS" starttime="20201206 23:43:42.660" endtime="20201206 23:43:59.629"></status>
</suite>
<statistics>
<total>
<stat pass="1" fail="0">Critical Tests</stat>
<stat pass="1" fail="0">All Tests</stat>
</total>
<tag>
</tag>
<suite>
<stat pass="1" fail="0" id="s1" name="Login">Login</stat>
</suite>
</statistics>
<errors>
</errors>
</robot>
